2022-11-20 15:11:56.3827 |FATA| —               TXSystem.Program[1]
System.InvalidOperationException: No service for type 'TXSystem.Domain.SqlFileService' has been registered. System.InvalidOperationException: No service for type 'TXSystem.Domain.SqlFileService' has been registered.
   at Microsoft.Extensions.DependencyInjection.ServiceProviderServiceExtensions.GetRequiredService(IServiceProvider provider, Type serviceType)
   at Microsoft.Extensions.DependencyInjection.ServiceProviderServiceExtensions.GetRequiredService[T](IServiceProvider provider)
   at Program.<<Main>$>g__InstallDatabase|0_2(IHost app) in /Users/jurilents/Work/University/TXSystem/TXSystem.Api/Program.cs:line 65
   at Program.<Main>$(String[] args) in /Users/jurilents/Work/University/TXSystem/TXSystem.Api/Program.cs:line 19
2022-11-20 15:53:51.3108 |FATA| —               TXSystem.Program[1]
System.ArgumentException: Cannot instantiate implementation type 'TXSystem.Domain.DatabaseFacade' for service type 'TXSystem.Domain.DatabaseFacade'. System.ArgumentException: Cannot instantiate implementation type 'TXSystem.Domain.DatabaseFacade' for service type 'TXSystem.Domain.DatabaseFacade'.
   at Microsoft.Extensions.DependencyInjection.ServiceLookup.CallSiteFactory.Populate()
   at Microsoft.Extensions.DependencyInjection.ServiceLookup.CallSiteFactory..ctor(ICollection`1 descriptors)
   at Microsoft.Extensions.DependencyInjection.ServiceProvider..ctor(ICollection`1 serviceDescriptors, ServiceProviderOptions options)
   at Microsoft.Extensions.DependencyInjection.ServiceCollectionContainerBuilderExtensions.BuildServiceProvider(IServiceCollection services, ServiceProviderOptions options)
   at Microsoft.Extensions.DependencyInjection.ServiceCollectionContainerBuilderExtensions.BuildServiceProvider(IServiceCollection services)
   at NeerCore.DependencyInjection.Extensions.ServiceCollectionExtensions.AddServices(IServiceCollection services, InjectionOptions options)
   at NeerCore.DependencyInjection.Extensions.ServiceCollectionExtensions.AddServicesFromAssemblies(IServiceCollection services, IEnumerable`1 assemblies, Action`1 configureOptions)
   at NeerCore.Api.Extensions.ServiceCollectionExtensions.AddNeerApiServices(IServiceCollection services, IEnumerable`1 assemblies, Func`2 configureInfo)
   at NeerCore.Api.Extensions.ServiceCollectionExtensions.AddNeerApiServices(IServiceCollection services, Assembly[] assemblies)
   at NeerCore.Api.Extensions.ServiceCollectionExtensions.AddNeerApiServices(IServiceCollection services)
   at TXSystem.Api.DependencyInjection.AddWebApi(IServiceCollection services, IConfiguration configuration) in /Users/jurilents/Work/University/TXSystem/TXSystem.Api/DependencyInjection.cs:line 20
   at Program.<<Main>$>g__ConfigureBuilder|0_0(WebApplicationBuilder builder) in /Users/jurilents/Work/University/TXSystem/TXSystem.Api/Program.cs:line 42
   at Program.<Main>$(String[] args) in /Users/jurilents/Work/University/TXSystem/TXSystem.Api/Program.cs:line 16
