2022-11-20 15:11:54.0992 |DEBU| —               TXSystem.Program[1]
Configuring application builder 
2022-11-20 15:11:56.3252 |INFO| —               TXSystem.Program[1]
Syncing database state 
2022-11-20 15:11:56.3827 |FATA| —               TXSystem.Program[1]
System.InvalidOperationException: No service for type 'TXSystem.Domain.SqlFileService' has been registered. System.InvalidOperationException: No service for type 'TXSystem.Domain.SqlFileService' has been registered.
   at Microsoft.Extensions.DependencyInjection.ServiceProviderServiceExtensions.GetRequiredService(IServiceProvider provider, Type serviceType)
   at Microsoft.Extensions.DependencyInjection.ServiceProviderServiceExtensions.GetRequiredService[T](IServiceProvider provider)
   at Program.<<Main>$>g__InstallDatabase|0_2(IHost app) in /Users/jurilents/Work/University/TXSystem/TXSystem.Api/Program.cs:line 65
   at Program.<Main>$(String[] args) in /Users/jurilents/Work/University/TXSystem/TXSystem.Api/Program.cs:line 19
2022-11-20 15:11:56.4006 |INFO| —               TXSystem.Program[1]
Application is now stopping 
2022-11-20 15:13:29.0600 |DEBU| —               TXSystem.Program[1]
Configuring application builder 
2022-11-20 15:13:29.4767 |INFO| —               TXSystem.Program[1]
Syncing database state 
2022-11-20 15:13:29.6937 |DEBU| —               TXSystem.Program[1]
Configuring web application 
2022-11-20 15:13:29.9113 |INFO| —     Microsoft.Hosting.Lifetime[1]
Now listening on: https://localhost:7711 
2022-11-20 15:13:29.9210 |INFO| —     Microsoft.Hosting.Lifetime[1]
Now listening on: http://localhost:7700 
2022-11-20 15:13:29.9230 |INFO| —     Microsoft.Hosting.Lifetime[1]
Application started. Press Ctrl+C to shut down. 
2022-11-20 15:13:29.9235 |INFO| —     Microsoft.Hosting.Lifetime[1]
Hosting environment: Development 
2022-11-20 15:13:29.9235 |INFO| —     Microsoft.Hosting.Lifetime[1]
Content root path: /Users/jurilents/Work/University/TXSystem/TXSystem.Api/ 
2022-11-20 15:14:15.8171 |INFO| —     Microsoft.Hosting.Lifetime[17]
Application is shutting down... 
2022-11-20 15:14:15.8350 |INFO| —               TXSystem.Program[1]
Application is now stopping 
2022-11-20 15:14:20.2589 |DEBU| —               TXSystem.Program[1]
Configuring application builder 
2022-11-20 15:14:22.3792 |INFO| —               TXSystem.Program[1]
Syncing database state 
2022-11-20 15:14:22.5560 |DEBU| —               TXSystem.Program[1]
Configuring web application 
2022-11-20 15:14:22.7448 |INFO| —     Microsoft.Hosting.Lifetime[1]
Now listening on: https://localhost:7711 
2022-11-20 15:14:22.7520 |INFO| —     Microsoft.Hosting.Lifetime[1]
Now listening on: http://localhost:7700 
2022-11-20 15:14:22.7535 |INFO| —     Microsoft.Hosting.Lifetime[1]
Application started. Press Ctrl+C to shut down. 
2022-11-20 15:14:22.7541 |INFO| —     Microsoft.Hosting.Lifetime[1]
Hosting environment: Development 
2022-11-20 15:14:22.7541 |INFO| —     Microsoft.Hosting.Lifetime[1]
Content root path: /Users/jurilents/Work/University/TXSystem/TXSystem.Api/ 
2022-11-20 15:15:03.6065 |DEBU| —               TXSystem.Program[1]
Configuring application builder 
2022-11-20 15:15:05.7104 |INFO| —               TXSystem.Program[1]
Syncing database state 
2022-11-20 15:15:05.8825 |DEBU| —               TXSystem.Program[1]
Configuring web application 
2022-11-20 15:15:06.0814 |INFO| —     Microsoft.Hosting.Lifetime[1]
Now listening on: https://localhost:7711 
2022-11-20 15:15:06.0882 |INFO| —     Microsoft.Hosting.Lifetime[1]
Now listening on: http://localhost:7700 
2022-11-20 15:15:06.0900 |INFO| —     Microsoft.Hosting.Lifetime[1]
Application started. Press Ctrl+C to shut down. 
2022-11-20 15:15:06.0905 |INFO| —     Microsoft.Hosting.Lifetime[1]
Hosting environment: Development 
2022-11-20 15:15:06.0905 |INFO| —     Microsoft.Hosting.Lifetime[1]
Content root path: /Users/jurilents/Work/University/TXSystem/TXSystem.Api/ 
2022-11-20 15:16:08.4845 |DEBU| —               TXSystem.Program[1]
Configuring application builder 
2022-11-20 15:16:10.6630 |INFO| —               TXSystem.Program[1]
Syncing database state 
2022-11-20 15:16:10.6646 |DEBU| —               TXSystem.Program[1]
Configuring web application 
2022-11-20 15:16:10.9890 |INFO| —     Microsoft.Hosting.Lifetime[1]
Now listening on: https://localhost:7711 
2022-11-20 15:16:10.9961 |INFO| —     Microsoft.Hosting.Lifetime[1]
Now listening on: http://localhost:7700 
2022-11-20 15:16:10.9977 |INFO| —     Microsoft.Hosting.Lifetime[1]
Application started. Press Ctrl+C to shut down. 
2022-11-20 15:16:10.9981 |INFO| —     Microsoft.Hosting.Lifetime[1]
Hosting environment: Development 
2022-11-20 15:16:10.9981 |INFO| —     Microsoft.Hosting.Lifetime[1]
Content root path: /Users/jurilents/Work/University/TXSystem/TXSystem.Api/ 
2022-11-20 15:16:58.9272 |DEBU| —               TXSystem.Program[1]
Configuring application builder 
2022-11-20 15:17:00.7667 |INFO| —               TXSystem.Program[1]
Syncing database state 
2022-11-20 15:17:00.7679 |DEBU| —               TXSystem.Program[1]
Configuring web application 
2022-11-20 15:18:26.3405 |DEBU| —               TXSystem.Program[1]
Configuring application builder 
2022-11-20 15:18:28.3529 |INFO| —               TXSystem.Program[1]
Syncing database state 
2022-11-20 15:18:28.3541 |DEBU| —               TXSystem.Program[1]
Configuring web application 
2022-11-20 15:18:43.4618 |INFO| —     Microsoft.Hosting.Lifetime[1]
Now listening on: https://localhost:7711 
2022-11-20 15:18:43.4689 |INFO| —     Microsoft.Hosting.Lifetime[1]
Now listening on: http://localhost:7700 
2022-11-20 15:18:43.4704 |INFO| —     Microsoft.Hosting.Lifetime[1]
Application started. Press Ctrl+C to shut down. 
2022-11-20 15:18:43.4709 |INFO| —     Microsoft.Hosting.Lifetime[1]
Hosting environment: Development 
2022-11-20 15:18:43.4709 |INFO| —     Microsoft.Hosting.Lifetime[1]
Content root path: /Users/jurilents/Work/University/TXSystem/TXSystem.Api/ 
2022-11-20 15:19:56.0102 |DEBU| —               TXSystem.Program[1]
Configuring application builder 
2022-11-20 15:19:56.2449 |INFO| —               TXSystem.Program[1]
Syncing database state 
2022-11-20 15:19:56.2460 |DEBU| —               TXSystem.Program[1]
Configuring web application 
2022-11-20 15:19:56.4321 |INFO| —     Microsoft.Hosting.Lifetime[1]
Now listening on: https://localhost:7711 
2022-11-20 15:19:56.4419 |INFO| —     Microsoft.Hosting.Lifetime[1]
Now listening on: http://localhost:7700 
2022-11-20 15:19:56.4437 |INFO| —     Microsoft.Hosting.Lifetime[1]
Application started. Press Ctrl+C to shut down. 
2022-11-20 15:19:56.4442 |INFO| —     Microsoft.Hosting.Lifetime[1]
Hosting environment: Development 
2022-11-20 15:19:56.4442 |INFO| —     Microsoft.Hosting.Lifetime[1]
Content root path: /Users/jurilents/Work/University/TXSystem/TXSystem.Api/ 
2022-11-20 15:20:02.0550 |INFO| —     Microsoft.Hosting.Lifetime[18]
Application is shutting down... 
2022-11-20 15:20:02.0800 |INFO| —               TXSystem.Program[1]
Application is now stopping 
2022-11-20 15:20:25.8572 |DEBU| —               TXSystem.Program[1]
Configuring application builder 
2022-11-20 15:20:27.7996 |INFO| —               TXSystem.Program[1]
Syncing database state 
2022-11-20 15:20:27.8009 |DEBU| —               TXSystem.Program[1]
Configuring web application 
2022-11-20 15:20:28.0356 |INFO| —     Microsoft.Hosting.Lifetime[1]
Now listening on: https://localhost:7711 
2022-11-20 15:20:28.0428 |INFO| —     Microsoft.Hosting.Lifetime[1]
Now listening on: http://localhost:7700 
2022-11-20 15:20:28.0444 |INFO| —     Microsoft.Hosting.Lifetime[1]
Application started. Press Ctrl+C to shut down. 
2022-11-20 15:20:28.0450 |INFO| —     Microsoft.Hosting.Lifetime[1]
Hosting environment: Development 
2022-11-20 15:20:28.0450 |INFO| —     Microsoft.Hosting.Lifetime[1]
Content root path: /Users/jurilents/Work/University/TXSystem/TXSystem.Api/ 
2022-11-20 15:22:58.2507 |DEBU| —               TXSystem.Program[1]
Configuring application builder 
2022-11-20 15:23:00.2179 |INFO| —               TXSystem.Program[1]
Syncing database state 
2022-11-20 15:23:00.2191 |DEBU| —               TXSystem.Program[1]
Configuring web application 
2022-11-20 15:23:00.4141 |INFO| —     Microsoft.Hosting.Lifetime[1]
Now listening on: https://localhost:7711 
2022-11-20 15:23:00.4210 |INFO| —     Microsoft.Hosting.Lifetime[1]
Now listening on: http://localhost:7700 
2022-11-20 15:23:00.4225 |INFO| —     Microsoft.Hosting.Lifetime[1]
Application started. Press Ctrl+C to shut down. 
2022-11-20 15:23:00.4225 |INFO| —     Microsoft.Hosting.Lifetime[1]
Hosting environment: Development 
2022-11-20 15:23:00.4225 |INFO| —     Microsoft.Hosting.Lifetime[1]
Content root path: /Users/jurilents/Work/University/TXSystem/TXSystem.Api/ 
2022-11-20 15:53:51.0439 |DEBU| —               TXSystem.Program[1]
Configuring application builder 
2022-11-20 15:53:51.3108 |FATA| —               TXSystem.Program[1]
System.ArgumentException: Cannot instantiate implementation type 'TXSystem.Domain.DatabaseFacade' for service type 'TXSystem.Domain.DatabaseFacade'. System.ArgumentException: Cannot instantiate implementation type 'TXSystem.Domain.DatabaseFacade' for service type 'TXSystem.Domain.DatabaseFacade'.
   at Microsoft.Extensions.DependencyInjection.ServiceLookup.CallSiteFactory.Populate()
   at Microsoft.Extensions.DependencyInjection.ServiceLookup.CallSiteFactory..ctor(ICollection`1 descriptors)
   at Microsoft.Extensions.DependencyInjection.ServiceProvider..ctor(ICollection`1 serviceDescriptors, ServiceProviderOptions options)
   at Microsoft.Extensions.DependencyInjection.ServiceCollectionContainerBuilderExtensions.BuildServiceProvider(IServiceCollection services, ServiceProviderOptions options)
   at Microsoft.Extensions.DependencyInjection.ServiceCollectionContainerBuilderExtensions.BuildServiceProvider(IServiceCollection services)
   at NeerCore.DependencyInjection.Extensions.ServiceCollectionExtensions.AddServices(IServiceCollection services, InjectionOptions options)
   at NeerCore.DependencyInjection.Extensions.ServiceCollectionExtensions.AddServicesFromAssemblies(IServiceCollection services, IEnumerable`1 assemblies, Action`1 configureOptions)
   at NeerCore.Api.Extensions.ServiceCollectionExtensions.AddNeerApiServices(IServiceCollection services, IEnumerable`1 assemblies, Func`2 configureInfo)
   at NeerCore.Api.Extensions.ServiceCollectionExtensions.AddNeerApiServices(IServiceCollection services, Assembly[] assemblies)
   at NeerCore.Api.Extensions.ServiceCollectionExtensions.AddNeerApiServices(IServiceCollection services)
   at TXSystem.Api.DependencyInjection.AddWebApi(IServiceCollection services, IConfiguration configuration) in /Users/jurilents/Work/University/TXSystem/TXSystem.Api/DependencyInjection.cs:line 20
   at Program.<<Main>$>g__ConfigureBuilder|0_0(WebApplicationBuilder builder) in /Users/jurilents/Work/University/TXSystem/TXSystem.Api/Program.cs:line 42
   at Program.<Main>$(String[] args) in /Users/jurilents/Work/University/TXSystem/TXSystem.Api/Program.cs:line 16
2022-11-20 15:53:51.3716 |INFO| —               TXSystem.Program[1]
Application is now stopping 
2022-11-20 15:54:21.1156 |DEBU| —               TXSystem.Program[1]
Configuring application builder 
2022-11-20 15:54:22.9602 |INFO| —               TXSystem.Program[1]
Syncing database state 
2022-11-20 15:54:22.9614 |DEBU| —               TXSystem.Program[1]
Configuring web application 
2022-11-20 16:02:47.3897 |DEBU| —               TXSystem.Program[1]
Configuring application builder 
2022-11-20 16:02:49.3062 |INFO| —               TXSystem.Program[1]
Syncing database state 
2022-11-20 16:02:49.3076 |DEBU| —               TXSystem.Program[1]
Configuring web application 
2022-11-20 16:03:13.0702 |INFO| —     Microsoft.Hosting.Lifetime[1]
Now listening on: https://localhost:7711 
2022-11-20 16:03:13.0777 |INFO| —     Microsoft.Hosting.Lifetime[1]
Now listening on: http://localhost:7700 
2022-11-20 16:03:13.0792 |INFO| —     Microsoft.Hosting.Lifetime[1]
Application started. Press Ctrl+C to shut down. 
2022-11-20 16:03:13.0796 |INFO| —     Microsoft.Hosting.Lifetime[1]
Hosting environment: Development 
2022-11-20 16:03:13.0796 |INFO| —     Microsoft.Hosting.Lifetime[1]
Content root path: /Users/jurilents/Work/University/TXSystem/TXSystem.Api/ 
2022-11-20 16:03:28.7653 |DEBU| —               TXSystem.Program[1]
Configuring application builder 
2022-11-20 16:03:30.5248 |INFO| —               TXSystem.Program[1]
Syncing database state 
2022-11-20 16:03:30.5260 |DEBU| —               TXSystem.Program[1]
Configuring web application 
2022-11-20 16:06:41.9837 |DEBU| —               TXSystem.Program[1]
Configuring application builder 
2022-11-20 16:06:43.7447 |INFO| —               TXSystem.Program[1]
Syncing database state 
2022-11-20 16:06:43.7459 |DEBU| —               TXSystem.Program[1]
Configuring web application 
2022-11-20 16:08:12.1582 |DEBU| —               TXSystem.Program[1]
Configuring application builder 
2022-11-20 16:08:14.1411 |INFO| —               TXSystem.Program[1]
Syncing database state 
2022-11-20 16:08:14.1424 |DEBU| —               TXSystem.Program[1]
Configuring web application 
2022-11-20 16:09:04.4707 |DEBU| —               TXSystem.Program[1]
Configuring application builder 
2022-11-20 16:09:06.3172 |INFO| —               TXSystem.Program[1]
Syncing database state 
2022-11-20 16:09:06.3184 |DEBU| —               TXSystem.Program[1]
Configuring web application 
2022-11-20 16:09:31.9389 |INFO| —     Microsoft.Hosting.Lifetime[1]
Now listening on: https://localhost:7711 
2022-11-20 16:09:31.9475 |INFO| —     Microsoft.Hosting.Lifetime[1]
Now listening on: http://localhost:7700 
2022-11-20 16:09:31.9496 |INFO| —     Microsoft.Hosting.Lifetime[1]
Application started. Press Ctrl+C to shut down. 
2022-11-20 16:09:31.9501 |INFO| —     Microsoft.Hosting.Lifetime[1]
Hosting environment: Development 
2022-11-20 16:09:31.9501 |INFO| —     Microsoft.Hosting.Lifetime[1]
Content root path: /Users/jurilents/Work/University/TXSystem/TXSystem.Api/ 
2022-11-20 16:22:12.6568 |DEBU| —               TXSystem.Program[1]
Configuring application builder 
2022-11-20 16:22:14.5293 |INFO| —               TXSystem.Program[1]
Syncing database state 
2022-11-20 16:22:14.5304 |DEBU| —               TXSystem.Program[1]
Configuring web application 
2022-11-20 16:22:14.7075 |INFO| —     Microsoft.Hosting.Lifetime[1]
Now listening on: https://localhost:7711 
2022-11-20 16:22:14.7149 |INFO| —     Microsoft.Hosting.Lifetime[1]
Now listening on: http://localhost:7700 
2022-11-20 16:22:14.7165 |INFO| —     Microsoft.Hosting.Lifetime[1]
Application started. Press Ctrl+C to shut down. 
2022-11-20 16:22:14.7165 |INFO| —     Microsoft.Hosting.Lifetime[1]
Hosting environment: Development 
2022-11-20 16:22:14.7165 |INFO| —     Microsoft.Hosting.Lifetime[1]
Content root path: /Users/jurilents/Work/University/TXSystem/TXSystem.Api/ 
2022-11-20 16:24:28.0363 |DEBU| —               TXSystem.Program[1]
Configuring application builder 
2022-11-20 16:24:29.7016 |INFO| —               TXSystem.Program[1]
Syncing database state 
2022-11-20 16:24:29.7029 |DEBU| —               TXSystem.Program[1]
Configuring web application 
2022-11-20 16:24:29.9196 |INFO| —     Microsoft.Hosting.Lifetime[1]
Now listening on: https://localhost:7711 
2022-11-20 16:24:29.9283 |INFO| —     Microsoft.Hosting.Lifetime[1]
Now listening on: http://localhost:7700 
2022-11-20 16:24:29.9301 |INFO| —     Microsoft.Hosting.Lifetime[1]
Application started. Press Ctrl+C to shut down. 
2022-11-20 16:24:29.9306 |INFO| —     Microsoft.Hosting.Lifetime[1]
Hosting environment: Development 
2022-11-20 16:24:29.9306 |INFO| —     Microsoft.Hosting.Lifetime[1]
Content root path: /Users/jurilents/Work/University/TXSystem/TXSystem.Api/ 
2022-11-20 16:29:32.8192 |DEBU| —               TXSystem.Program[1]
Configuring application builder 
2022-11-20 16:29:33.0546 |INFO| —               TXSystem.Program[1]
Syncing database state 
2022-11-20 16:29:33.0560 |DEBU| —               TXSystem.Program[1]
Configuring web application 
2022-11-20 16:29:33.2466 |INFO| —     Microsoft.Hosting.Lifetime[1]
Now listening on: https://localhost:7711 
2022-11-20 16:29:33.2558 |INFO| —     Microsoft.Hosting.Lifetime[1]
Now listening on: http://localhost:7700 
2022-11-20 16:29:33.2578 |INFO| —     Microsoft.Hosting.Lifetime[1]
Application started. Press Ctrl+C to shut down. 
2022-11-20 16:29:33.2578 |INFO| —     Microsoft.Hosting.Lifetime[1]
Hosting environment: Development 
2022-11-20 16:29:33.2578 |INFO| —     Microsoft.Hosting.Lifetime[1]
Content root path: /Users/jurilents/Work/University/TXSystem/TXSystem.Api/ 
2022-11-20 16:31:40.3517 |INFO| —     Microsoft.Hosting.Lifetime[19]
Application is shutting down... 
2022-11-20 16:31:40.3778 |INFO| —               TXSystem.Program[1]
Application is now stopping 
2022-11-20 16:35:53.3737 |DEBU| —               TXSystem.Program[1]
Configuring application builder 
2022-11-20 16:35:55.1175 |INFO| —               TXSystem.Program[1]
Syncing database state 
2022-11-20 16:35:55.1187 |DEBU| —               TXSystem.Program[1]
Configuring web application 
2022-11-20 16:35:55.2974 |INFO| —     Microsoft.Hosting.Lifetime[1]
Now listening on: https://localhost:7711 
2022-11-20 16:35:55.3045 |INFO| —     Microsoft.Hosting.Lifetime[1]
Now listening on: http://localhost:7700 
2022-11-20 16:35:55.3062 |INFO| —     Microsoft.Hosting.Lifetime[1]
Application started. Press Ctrl+C to shut down. 
2022-11-20 16:35:55.3067 |INFO| —     Microsoft.Hosting.Lifetime[1]
Hosting environment: Development 
2022-11-20 16:35:55.3067 |INFO| —     Microsoft.Hosting.Lifetime[1]
Content root path: /Users/jurilents/Work/University/TXSystem/TXSystem.Api/ 
2022-11-20 16:36:51.2691 |DEBU| —               TXSystem.Program[1]
Configuring application builder 
2022-11-20 16:36:53.0837 |INFO| —               TXSystem.Program[1]
Syncing database state 
2022-11-20 16:36:53.0849 |DEBU| —               TXSystem.Program[1]
Configuring web application 
2022-11-20 16:36:53.2916 |INFO| —     Microsoft.Hosting.Lifetime[1]
Now listening on: https://localhost:7711 
2022-11-20 16:36:53.2994 |INFO| —     Microsoft.Hosting.Lifetime[1]
Now listening on: http://localhost:7700 
2022-11-20 16:36:53.3010 |INFO| —     Microsoft.Hosting.Lifetime[1]
Application started. Press Ctrl+C to shut down. 
2022-11-20 16:36:53.3010 |INFO| —     Microsoft.Hosting.Lifetime[1]
Hosting environment: Development 
2022-11-20 16:36:53.3017 |INFO| —     Microsoft.Hosting.Lifetime[1]
Content root path: /Users/jurilents/Work/University/TXSystem/TXSystem.Api/ 
2022-11-20 16:37:06.6579 |DEBU| —               TXSystem.Program[1]
Configuring application builder 
2022-11-20 16:37:08.5569 |INFO| —               TXSystem.Program[1]
Syncing database state 
2022-11-20 16:37:08.5581 |DEBU| —               TXSystem.Program[1]
Configuring web application 
2022-11-20 16:37:08.7385 |INFO| —     Microsoft.Hosting.Lifetime[1]
Now listening on: https://localhost:7711 
2022-11-20 16:37:08.7459 |INFO| —     Microsoft.Hosting.Lifetime[1]
Now listening on: http://localhost:7700 
2022-11-20 16:37:08.7475 |INFO| —     Microsoft.Hosting.Lifetime[1]
Application started. Press Ctrl+C to shut down. 
2022-11-20 16:37:08.7480 |INFO| —     Microsoft.Hosting.Lifetime[1]
Hosting environment: Development 
2022-11-20 16:37:08.7480 |INFO| —     Microsoft.Hosting.Lifetime[1]
Content root path: /Users/jurilents/Work/University/TXSystem/TXSystem.Api/ 
